c:\users\marin_000\documents\visual studio 2015\projects\neuralnetwork\neuralnetwork\x64\debug\vc140.pdb
c:\users\marin_000\documents\visual studio 2015\projects\neuralnetwork\neuralnetwork\x64\debug\vc140.idb
c:\users\marin_000\documents\visual studio 2015\projects\neuralnetwork\neuralnetwork\x64\debug\backpropagation.obj
c:\users\marin_000\documents\visual studio 2015\projects\neuralnetwork\neuralnetwork\x64\debug\feedforward.obj
c:\users\marin_000\documents\visual studio 2015\projects\neuralnetwork\neuralnetwork\x64\debug\layer.obj
c:\users\marin_000\documents\visual studio 2015\projects\neuralnetwork\neuralnetwork\x64\debug\main.obj
c:\users\marin_000\documents\visual studio 2015\projects\neuralnetwork\neuralnetwork\x64\debug\math.obj
c:\users\marin_000\documents\visual studio 2015\projects\neuralnetwork\neuralnetwork\x64\debug\matrix.obj
c:\users\marin_000\documents\visual studio 2015\projects\neuralnetwork\neuralnetwork\x64\debug\neuralnetwork.obj
c:\users\marin_000\documents\visual studio 2015\projects\neuralnetwork\neuralnetwork\x64\debug\neuron.obj
c:\users\marin_000\documents\visual studio 2015\projects\neuralnetwork\neuralnetwork\x64\debug\seterrors.obj
c:\users\marin_000\documents\visual studio 2015\projects\neuralnetwork\neuralnetwork\x64\debug\train.obj
c:\users\marin_000\documents\visual studio 2015\projects\neuralnetwork\x64\debug\neuralnetwork.pdb
c:\users\marin_000\documents\visual studio 2015\projects\neuralnetwork\neuralnetwork\x64\debug\neuralnetwork.tlog\cl.command.1.tlog
c:\users\marin_000\documents\visual studio 2015\projects\neuralnetwork\neuralnetwork\x64\debug\neuralnetwork.tlog\cl.read.1.tlog
c:\users\marin_000\documents\visual studio 2015\projects\neuralnetwork\neuralnetwork\x64\debug\neuralnetwork.tlog\cl.write.1.tlog
c:\users\marin_000\documents\visual studio 2015\projects\neuralnetwork\neuralnetwork\x64\debug\neuralnetwork.tlog\link-cvtres.read.1.tlog
c:\users\marin_000\documents\visual studio 2015\projects\neuralnetwork\neuralnetwork\x64\debug\neuralnetwork.tlog\link-cvtres.write.1.tlog
c:\users\marin_000\documents\visual studio 2015\projects\neuralnetwork\neuralnetwork\x64\debug\neuralnetwork.tlog\link-rc.read.1.tlog
c:\users\marin_000\documents\visual studio 2015\projects\neuralnetwork\neuralnetwork\x64\debug\neuralnetwork.tlog\link-rc.write.1.tlog
c:\users\marin_000\documents\visual studio 2015\projects\neuralnetwork\neuralnetwork\x64\debug\neuralnetwork.tlog\link.command.1.tlog
c:\users\marin_000\documents\visual studio 2015\projects\neuralnetwork\neuralnetwork\x64\debug\neuralnetwork.tlog\link.read.1.tlog
c:\users\marin_000\documents\visual studio 2015\projects\neuralnetwork\neuralnetwork\x64\debug\neuralnetwork.tlog\link.write.1.tlog
