  train.cpp
c:\users\marin_000\documents\visual studio 2015\projects\neuralnetwork\neuralnetwork\neuralnetwork.h(33): warning C4244: 'argument': conversion from 'double' to 'int', possible loss of data
  setErrors.cpp
c:\users\marin_000\documents\visual studio 2015\projects\neuralnetwork\neuralnetwork\neuralnetwork.h(33): warning C4244: 'argument': conversion from 'double' to 'int', possible loss of data
c:\users\marin_000\documents\visual studio 2015\projects\neuralnetwork\neuralnetwork\seterrors.cpp(19): warning C4267: 'initializing': conversion from 'size_t' to 'int', possible loss of data
  Neuron.cpp
  NeuralNetwork.cpp
c:\users\marin_000\documents\visual studio 2015\projects\neuralnetwork\neuralnetwork\neuralnetwork.h(33): warning C4244: 'argument': conversion from 'double' to 'int', possible loss of data
c:\users\marin_000\documents\visual studio 2015\projects\neuralnetwork\neuralnetwork\neuralnetwork.cpp(6): warning C4267: '=': conversion from 'size_t' to 'int', possible loss of data
c:\users\marin_000\documents\visual studio 2015\projects\neuralnetwork\neuralnetwork\neuralnetwork.cpp(44): warning C4267: '=': conversion from 'size_t' to 'int', possible loss of data
c:\users\marin_000\documents\visual studio 2015\projects\neuralnetwork\neuralnetwork\neuralnetwork.cpp(90): warning C4244: 'argument': conversion from 'double' to 'int', possible loss of data
  Matrix.cpp
c:\users\marin_000\documents\visual studio 2015\projects\neuralnetwork\neuralnetwork\matrix.cpp(59): warning C4102: 'std': unreferenced label
  Math.cpp
  main.cpp
c:\users\marin_000\documents\visual studio 2015\projects\neuralnetwork\neuralnetwork\neuralnetwork.h(33): warning C4244: 'argument': conversion from 'double' to 'int', possible loss of data
  Layer.cpp
c:\users\marin_000\documents\visual studio 2015\projects\neuralnetwork\neuralnetwork\layer.cpp(41): warning C4267: 'argument': conversion from 'size_t' to 'int', possible loss of data
c:\users\marin_000\documents\visual studio 2015\projects\neuralnetwork\neuralnetwork\layer.cpp(51): warning C4267: 'argument': conversion from 'size_t' to 'int', possible loss of data
c:\users\marin_000\documents\visual studio 2015\projects\neuralnetwork\neuralnetwork\layer.cpp(61): warning C4267: 'argument': conversion from 'size_t' to 'int', possible loss of data
  feedForward.cpp
c:\users\marin_000\documents\visual studio 2015\projects\neuralnetwork\neuralnetwork\neuralnetwork.h(33): warning C4244: 'argument': conversion from 'double' to 'int', possible loss of data
  backPropagation.cpp
c:\users\marin_000\documents\visual studio 2015\projects\neuralnetwork\neuralnetwork\neuralnetwork.h(33): warning C4244: 'argument': conversion from 'double' to 'int', possible loss of data
c:\users\marin_000\documents\visual studio 2015\projects\neuralnetwork\neuralnetwork\backpropagation.cpp(18): warning C4267: 'initializing': conversion from 'size_t' to 'int', possible loss of data
  Generating Code...
feedForward.obj : error LNK2005: "public: __cdecl utils::Math::Math(void)" (??0Math@utils@@QEAA@XZ) already defined in backPropagation.obj
feedForward.obj : error LNK2005: "public: __cdecl utils::Math::~Math(void)" (??1Math@utils@@QEAA@XZ) already defined in backPropagation.obj
main.obj : error LNK2005: "public: __cdecl utils::Math::Math(void)" (??0Math@utils@@QEAA@XZ) already defined in backPropagation.obj
main.obj : error LNK2005: "public: __cdecl utils::Math::~Math(void)" (??1Math@utils@@QEAA@XZ) already defined in backPropagation.obj
Math.obj : error LNK2005: "public: __cdecl utils::Math::Math(void)" (??0Math@utils@@QEAA@XZ) already defined in backPropagation.obj
Math.obj : error LNK2005: "public: __cdecl utils::Math::~Math(void)" (??1Math@utils@@QEAA@XZ) already defined in backPropagation.obj
backPropagation.obj : error LNK2019: unresolved external symbol "public: __cdecl Matrix::~Matrix(void)" (??1Matrix@@QEAA@XZ) referenced in function "public: void * __cdecl Matrix::`scalar deleting destructor'(unsigned int)" (??_GMatrix@@QEAAPEAXI@Z)
feedForward.obj : error LNK2001: unresolved external symbol "public: __cdecl Matrix::~Matrix(void)" (??1Matrix@@QEAA@XZ)
C:\Users\marin_000\documents\visual studio 2015\Projects\NeuralNetwork\x64\Debug\NeuralNetwork.exe : fatal error LNK1120: 1 unresolved externals
