c:\users\marin_000\documents\visual studio 2015\projects\neuralnetwork\neuralnetwork\debug\vc140.pdb
c:\users\marin_000\documents\visual studio 2015\projects\neuralnetwork\neuralnetwork\debug\vc140.idb
c:\users\marin_000\documents\visual studio 2015\projects\neuralnetwork\neuralnetwork\debug\backpropagation.obj
c:\users\marin_000\documents\visual studio 2015\projects\neuralnetwork\neuralnetwork\debug\feedforward.obj
c:\users\marin_000\documents\visual studio 2015\projects\neuralnetwork\neuralnetwork\debug\layer.obj
c:\users\marin_000\documents\visual studio 2015\projects\neuralnetwork\neuralnetwork\debug\main.obj
c:\users\marin_000\documents\visual studio 2015\projects\neuralnetwork\neuralnetwork\debug\math.obj
c:\users\marin_000\documents\visual studio 2015\projects\neuralnetwork\neuralnetwork\debug\matrix.obj
c:\users\marin_000\documents\visual studio 2015\projects\neuralnetwork\neuralnetwork\debug\neuralnetwork.obj
c:\users\marin_000\documents\visual studio 2015\projects\neuralnetwork\neuralnetwork\debug\neuron.obj
c:\users\marin_000\documents\visual studio 2015\projects\neuralnetwork\neuralnetwork\debug\seterrors.obj
c:\users\marin_000\documents\visual studio 2015\projects\neuralnetwork\neuralnetwork\debug\train.obj
c:\users\marin_000\documents\visual studio 2015\projects\neuralnetwork\debug\neuralnetwork.ilk
c:\users\marin_000\documents\visual studio 2015\projects\neuralnetwork\debug\neuralnetwork.exe
c:\users\marin_000\documents\visual studio 2015\projects\neuralnetwork\debug\neuralnetwork.pdb
c:\users\marin_000\documents\visual studio 2015\projects\neuralnetwork\neuralnetwork\debug\neuralnetwork.tlog\cl.command.1.tlog
c:\users\marin_000\documents\visual studio 2015\projects\neuralnetwork\neuralnetwork\debug\neuralnetwork.tlog\cl.read.1.tlog
c:\users\marin_000\documents\visual studio 2015\projects\neuralnetwork\neuralnetwork\debug\neuralnetwork.tlog\cl.write.1.tlog
c:\users\marin_000\documents\visual studio 2015\projects\neuralnetwork\neuralnetwork\debug\neuralnetwork.tlog\link.command.1.tlog
c:\users\marin_000\documents\visual studio 2015\projects\neuralnetwork\neuralnetwork\debug\neuralnetwork.tlog\link.read.1.tlog
c:\users\marin_000\documents\visual studio 2015\projects\neuralnetwork\neuralnetwork\debug\neuralnetwork.tlog\link.write.1.tlog
